
Showing logs for build [32mcb-kubecd-environment-pr-199-15-w6fdb-1[0m stage [32mfrom-build-pack[0m and container [32mstep-credential-initializer-nlgns[0m
{"level":"warn","ts":1586822146.8549023,"logger":"fallback-logger","caller":"logging/config.go:69","msg":"Fetch GitHub commit ID from kodata failed: \"ref: refs/heads/0.8.0-**-support-backwards-incompats\" is not a valid GitHub commit ID"}
{"level":"info","ts":1586822146.8560054,"logger":"fallback-logger","caller":"creds-init/main.go:40","msg":"Credentials initialized."}

Showing logs for build [32mcb-kubecd-environment-pr-199-15-w6fdb-1[0m stage [32mfrom-build-pack[0m and container [32mstep-working-dir-initializer-fm9cg[0m
{"level":"warn","ts":1586822147.8054519,"logger":"fallback-logger","caller":"logging/config.go:69","msg":"Fetch GitHub commit ID from kodata failed: open /var/run/ko/HEAD: no such file or directory"}
{"level":"info","ts":1586822147.8090436,"logger":"fallback-logger","caller":"bash/main.go:64","msg":"Successfully executed command \"sh -c mkdir -p /workspace/source\"; output "}

Showing logs for build [32mcb-kubecd-environment-pr-199-15-w6fdb-1[0m stage [32mfrom-build-pack[0m and container [32mstep-place-tools[0m

Showing logs for build [32mcb-kubecd-environment-pr-199-15-w6fdb-1[0m stage [32mfrom-build-pack[0m and container [32mstep-git-source-cb-kubecd-environment-pr-199-15-w6fdb-lg7mp[0m
{"level":"warn","ts":1586822152.9998817,"logger":"fallback-logger","caller":"logging/config.go:69","msg":"Fetch GitHub commit ID from kodata failed: \"ref: refs/heads/0.8.0-**-support-backwards-incompats\" is not a valid GitHub commit ID"}
{"level":"info","ts":1586822154.0496337,"logger":"fallback-logger","caller":"git/git.go:103","msg":"Successfully cloned https://github.com/cb-kubecd/environment-pr-199-157-boot-gke-staging.git @ master in path /workspace/source"}

Showing logs for build [32mcb-kubecd-environment-pr-199-15-w6fdb-1[0m stage [32mfrom-build-pack[0m and container [32mstep-git-merge[0m
Using SHAs from PULL_REFS=master:ce7d472a7e98b9610c291660cba1468144ab7990,8:3c74fa9cfbfb6744ed8b766eb3ff0d341b446f27
DEBUG: LC_ALL=C JX_LOG_LEVEL=error git fetch origin --unshallow 3c74fa9cfbfb6744ed8b766eb3ff0d341b446f27: ce7d472a7e98b9610c291660cba1468144ab7990:
DEBUG: ran git fetch --unshallow origin 3c74fa9cfbfb6744ed8b766eb3ff0d341b446f27: ce7d472a7e98b9610c291660cba1468144ab7990: in 
DEBUG: LC_ALL=C JX_LOG_LEVEL=error git branch
DEBUG: LC_ALL=C JX_LOG_LEVEL=error git checkout master
DEBUG: ran git checkout master in 
DEBUG: LC_ALL=C JX_LOG_LEVEL=error git reset --hard ce7d472a7e98b9610c291660cba1468144ab7990
DEBUG: ran git reset --hard ce7d472a7e98b9610c291660cba1468144ab7990 in 
DEBUG: JX_LOG_LEVEL=error LC_ALL=C git clean -fd .
DEBUG: ran clean --force -d . in 
DEBUG: LC_ALL=C JX_LOG_LEVEL=error git merge 3c74fa9cfbfb6744ed8b766eb3ff0d341b446f27
DEBUG: ran git merge 3c74fa9cfbfb6744ed8b766eb3ff0d341b446f27 in 
DEBUG: LC_ALL=C JX_LOG_LEVEL=error git log --format=%H%x1f%an%x1f%ae%x1f%cn%x1f%ce%x1f%s%n%b%x1e ce7d472a7e98b9610c291660cba1468144ab7990..HEAD
Merged SHA 3c74fa9cfbfb6744ed8b766eb3ff0d341b446f27 with commit message 'chore: Promote bdd-nh-import-1586820189 to version 0.0.1' into base branch master

Showing logs for build [32mcb-kubecd-environment-pr-199-15-w6fdb-1[0m stage [32mfrom-build-pack[0m and container [32mstep-build-helm-build[0m
WARNING: No $CHART_REPOSITORY defined so using the default value of: http://jenkins-x-chartmuseum:8080
Adding missing Helm repo: storage.googleapis.com https://storage.googleapis.com/chartmuseum.jenkins-x.io
WARNING: No secrets found on "helm/repos" due: reading the secret "helm/repos" from vault: no secret "helm/repos" not found in vault
Read credentials for https://storage.googleapis.com/chartmuseum.jenkins-x.io from vault helm/repos
Successfully added Helm repository storage.googleapis.com.
Adding missing Helm repo: jenkins-x-chartmuseum http://jenkins-x-chartmuseum:8080
WARNING: No secrets found on "helm/repos" due: reading the secret "helm/repos" from vault: no secret "helm/repos" not found in vault
Read credentials for http://jenkins-x-chartmuseum:8080 from vault helm/repos
Successfully added Helm repository jenkins-x-chartmuseum.
WARNING: No $CHART_REPOSITORY defined so using the default value of: http://jenkins-x-chartmuseum:8080
Adding missing Helm repo: chartmuseum.jenkins-x.io http://chartmuseum.jenkins-x.io
WARNING: No secrets found on "helm/repos" due: reading the secret "helm/repos" from vault: no secret "helm/repos" not found in vault
Read credentials for http://chartmuseum.jenkins-x.io from vault helm/repos
Successfully added Helm repository chartmuseum.jenkins-x.io.
