
Showing logs for build [32mcb-kubecd-environment-pr-199-15-fr4pw-1[0m stage [32mfrom-build-pack[0m and container [32mstep-credential-initializer-6qjmp[0m
{"level":"warn","ts":1586818843.7873,"logger":"fallback-logger","caller":"logging/config.go:69","msg":"Fetch GitHub commit ID from kodata failed: \"ref: refs/heads/0.8.0-**-support-backwards-incompats\" is not a valid GitHub commit ID"}
{"level":"info","ts":1586818843.7880025,"logger":"fallback-logger","caller":"creds-init/main.go:40","msg":"Credentials initialized."}

Showing logs for build [32mcb-kubecd-environment-pr-199-15-fr4pw-1[0m stage [32mfrom-build-pack[0m and container [32mstep-working-dir-initializer-n7f48[0m
{"level":"warn","ts":1586818845.084409,"logger":"fallback-logger","caller":"logging/config.go:69","msg":"Fetch GitHub commit ID from kodata failed: open /var/run/ko/HEAD: no such file or directory"}
{"level":"info","ts":1586818845.0857608,"logger":"fallback-logger","caller":"bash/main.go:64","msg":"Successfully executed command \"sh -c mkdir -p /workspace/source\"; output "}

Showing logs for build [32mcb-kubecd-environment-pr-199-15-fr4pw-1[0m stage [32mfrom-build-pack[0m and container [32mstep-place-tools[0m

Showing logs for build [32mcb-kubecd-environment-pr-199-15-fr4pw-1[0m stage [32mfrom-build-pack[0m and container [32mstep-git-source-cb-kubecd-environment-pr-199-15-fr4pw-7r282[0m
{"level":"warn","ts":1586818851.2535594,"logger":"fallback-logger","caller":"logging/config.go:69","msg":"Fetch GitHub commit ID from kodata failed: \"ref: refs/heads/0.8.0-**-support-backwards-incompats\" is not a valid GitHub commit ID"}
{"level":"info","ts":1586818852.4453356,"logger":"fallback-logger","caller":"git/git.go:103","msg":"Successfully cloned https://github.com/cb-kubecd/environment-pr-199-157-boot-gke-staging.git @ master in path /workspace/source"}

Showing logs for build [32mcb-kubecd-environment-pr-199-15-fr4pw-1[0m stage [32mfrom-build-pack[0m and container [32mstep-git-merge[0m
Using SHAs from PULL_REFS=master:95e865d6044aae063ad1a8bdf2b43779424f81ad,3:33069f3d7a165b47c0166acfac24c98b276c6489
DEBUG: LC_ALL=C JX_LOG_LEVEL=error git fetch origin --unshallow 33069f3d7a165b47c0166acfac24c98b276c6489: 95e865d6044aae063ad1a8bdf2b43779424f81ad:
DEBUG: ran git fetch --unshallow origin 33069f3d7a165b47c0166acfac24c98b276c6489: 95e865d6044aae063ad1a8bdf2b43779424f81ad: in 
DEBUG: JX_LOG_LEVEL=error LC_ALL=C git branch
DEBUG: LC_ALL=C JX_LOG_LEVEL=error git checkout master
DEBUG: ran git checkout master in 
DEBUG: JX_LOG_LEVEL=error LC_ALL=C git reset --hard 95e865d6044aae063ad1a8bdf2b43779424f81ad
DEBUG: ran git reset --hard 95e865d6044aae063ad1a8bdf2b43779424f81ad in 
DEBUG: JX_LOG_LEVEL=error LC_ALL=C git clean -fd .
DEBUG: ran clean --force -d . in 
DEBUG: LC_ALL=C JX_LOG_LEVEL=error git merge 33069f3d7a165b47c0166acfac24c98b276c6489
DEBUG: ran git merge 33069f3d7a165b47c0166acfac24c98b276c6489 in 
DEBUG: LC_ALL=C JX_LOG_LEVEL=error git log --format=%H%x1f%an%x1f%ae%x1f%cn%x1f%ce%x1f%s%n%b%x1e 95e865d6044aae063ad1a8bdf2b43779424f81ad..HEAD
Merged SHA 33069f3d7a165b47c0166acfac24c98b276c6489 with commit message 'chore: Promote bdd-nh-1586817841 to version 0.0.1' into base branch master

Showing logs for build [32mcb-kubecd-environment-pr-199-15-fr4pw-1[0m stage [32mfrom-build-pack[0m and container [32mstep-build-helm-build[0m
WARNING: No $CHART_REPOSITORY defined so using the default value of: http://jenkins-x-chartmuseum:8080
Adding missing Helm repo: storage.googleapis.com https://storage.googleapis.com/chartmuseum.jenkins-x.io
WARNING: No secrets found on "helm/repos" due: reading the secret "helm/repos" from vault: no secret "helm/repos" not found in vault
Read credentials for https://storage.googleapis.com/chartmuseum.jenkins-x.io from vault helm/repos
Successfully added Helm repository storage.googleapis.com.
Adding missing Helm repo: jenkins-x-chartmuseum http://jenkins-x-chartmuseum:8080
WARNING: No secrets found on "helm/repos" due: reading the secret "helm/repos" from vault: no secret "helm/repos" not found in vault
Read credentials for http://jenkins-x-chartmuseum:8080 from vault helm/repos
Successfully added Helm repository jenkins-x-chartmuseum.
WARNING: No $CHART_REPOSITORY defined so using the default value of: http://jenkins-x-chartmuseum:8080
Adding missing Helm repo: chartmuseum.jenkins-x.io http://chartmuseum.jenkins-x.io
WARNING: No secrets found on "helm/repos" due: reading the secret "helm/repos" from vault: no secret "helm/repos" not found in vault
Read credentials for http://chartmuseum.jenkins-x.io from vault helm/repos
Successfully added Helm repository chartmuseum.jenkins-x.io.
