
Showing logs for build [32mcb-kubecd-environment-pr-199-15-ktwq6-1[0m stage [32mfrom-build-pack[0m and container [32mstep-credential-initializer-6wklb[0m
{"level":"warn","ts":1586817113.2933455,"logger":"fallback-logger","caller":"logging/config.go:69","msg":"Fetch GitHub commit ID from kodata failed: \"ref: refs/heads/0.8.0-**-support-backwards-incompats\" is not a valid GitHub commit ID"}
{"level":"info","ts":1586817113.2947881,"logger":"fallback-logger","caller":"creds-init/main.go:40","msg":"Credentials initialized."}

Showing logs for build [32mcb-kubecd-environment-pr-199-15-ktwq6-1[0m stage [32mfrom-build-pack[0m and container [32mstep-working-dir-initializer-q24k6[0m
{"level":"warn","ts":1586817114.2928922,"logger":"fallback-logger","caller":"logging/config.go:69","msg":"Fetch GitHub commit ID from kodata failed: open /var/run/ko/HEAD: no such file or directory"}
{"level":"info","ts":1586817114.2947376,"logger":"fallback-logger","caller":"bash/main.go:64","msg":"Successfully executed command \"sh -c mkdir -p /workspace/source\"; output "}

Showing logs for build [32mcb-kubecd-environment-pr-199-15-ktwq6-1[0m stage [32mfrom-build-pack[0m and container [32mstep-place-tools[0m

Showing logs for build [32mcb-kubecd-environment-pr-199-15-ktwq6-1[0m stage [32mfrom-build-pack[0m and container [32mstep-git-source-cb-kubecd-environment-pr-199-15-ktwq6-ljs5m[0m
{"level":"warn","ts":1586817118.4713545,"logger":"fallback-logger","caller":"logging/config.go:69","msg":"Fetch GitHub commit ID from kodata failed: \"ref: refs/heads/0.8.0-**-support-backwards-incompats\" is not a valid GitHub commit ID"}
{"level":"info","ts":1586817119.5051515,"logger":"fallback-logger","caller":"git/git.go:103","msg":"Successfully cloned https://github.com/cb-kubecd/environment-pr-199-157-boot-gke-staging.git @ master in path /workspace/source"}

Showing logs for build [32mcb-kubecd-environment-pr-199-15-ktwq6-1[0m stage [32mfrom-build-pack[0m and container [32mstep-git-merge[0m
Using SHAs from PULL_REFS=master:61e0470557f975fcd86ae79db1061210bb4a557a,1:1c7aaf3bd8a401e046a25a55e2e08b99c090b53c
DEBUG: LC_ALL=C JX_LOG_LEVEL=error git fetch origin --unshallow 1c7aaf3bd8a401e046a25a55e2e08b99c090b53c: 61e0470557f975fcd86ae79db1061210bb4a557a:
DEBUG: ran git fetch --unshallow origin 1c7aaf3bd8a401e046a25a55e2e08b99c090b53c: 61e0470557f975fcd86ae79db1061210bb4a557a: in 
DEBUG: LC_ALL=C JX_LOG_LEVEL=error git branch
DEBUG: LC_ALL=C JX_LOG_LEVEL=error git checkout master
DEBUG: ran git checkout master in 
DEBUG: LC_ALL=C JX_LOG_LEVEL=error git reset --hard 61e0470557f975fcd86ae79db1061210bb4a557a
DEBUG: ran git reset --hard 61e0470557f975fcd86ae79db1061210bb4a557a in 
DEBUG: JX_LOG_LEVEL=error LC_ALL=C git clean -fd .
DEBUG: ran clean --force -d . in 
DEBUG: LC_ALL=C JX_LOG_LEVEL=error git merge 1c7aaf3bd8a401e046a25a55e2e08b99c090b53c
DEBUG: ran git merge 1c7aaf3bd8a401e046a25a55e2e08b99c090b53c in 
DEBUG: LC_ALL=C JX_LOG_LEVEL=error git log --format=%H%x1f%an%x1f%ae%x1f%cn%x1f%ce%x1f%s%n%b%x1e 61e0470557f975fcd86ae79db1061210bb4a557a..HEAD
Merged SHA 1c7aaf3bd8a401e046a25a55e2e08b99c090b53c with commit message 'chore: Promote bdd-spring-1586816756 to version 0.0.1' into base branch master

Showing logs for build [32mcb-kubecd-environment-pr-199-15-ktwq6-1[0m stage [32mfrom-build-pack[0m and container [32mstep-build-helm-build[0m
WARNING: No $CHART_REPOSITORY defined so using the default value of: http://jenkins-x-chartmuseum:8080
Adding missing Helm repo: storage.googleapis.com https://storage.googleapis.com/chartmuseum.jenkins-x.io
WARNING: No secrets found on "helm/repos" due: reading the secret "helm/repos" from vault: no secret "helm/repos" not found in vault
Read credentials for https://storage.googleapis.com/chartmuseum.jenkins-x.io from vault helm/repos
Successfully added Helm repository storage.googleapis.com.
Adding missing Helm repo: jenkins-x-chartmuseum http://jenkins-x-chartmuseum:8080
WARNING: No secrets found on "helm/repos" due: reading the secret "helm/repos" from vault: no secret "helm/repos" not found in vault
Read credentials for http://jenkins-x-chartmuseum:8080 from vault helm/repos
Successfully added Helm repository jenkins-x-chartmuseum.
WARNING: No $CHART_REPOSITORY defined so using the default value of: http://jenkins-x-chartmuseum:8080
Adding missing Helm repo: chartmuseum.jenkins-x.io http://chartmuseum.jenkins-x.io
WARNING: No secrets found on "helm/repos" due: reading the secret "helm/repos" from vault: no secret "helm/repos" not found in vault
Read credentials for http://chartmuseum.jenkins-x.io from vault helm/repos
Successfully added Helm repository chartmuseum.jenkins-x.io.
